<?xml version="1.0" encoding="UTF-8"?>
<testsuite xmlns:xsi="http://www.w3.org/2001/XMLSchema-instance" xsi:schemaLocation="https://maven.apache.org/surefire/maven-surefire-plugin/xsd/surefire-test-report.xsd" name="net.thucydides.showcase.cucumber.UiCukes" time="869.494" tests="36" errors="0" skipped="0" failures="2">
  <properties>
[...]
</properties>
  <testcase name="Given I am on Sling Home Page" classname="Scenario: Validate Watch Now 7 Days Free button" time="0.001"/>
  <testcase name="When I click on WATCH NOW 7 DAYS FREE button" classname="Scenario: Validate Watch Now 7 Days Free button" time="0"/>
  <testcase name="Then I should be redirected to Create User Account page" classname="Scenario: Validate Watch Now 7 Days Free button" time="0"/>
  <testcase name="Scenario: Validate Watch Now 7 Days Free button" classname="Scenario: Validate Watch Now 7 Days Free button" time="3.162"/>
  <testcase name="Given I am on Sling Home Page" classname="Scenario: Validate Offerdetails link" time="0"/>
  <testcase name="When I click on Offerdetails link" classname="Scenario: Validate Offerdetails link" time="0"/>
  <testcase name="Then I should be redirect to Offerdetails page" classname="Scenario: Validate Offerdetails link" time="0"/>
  <testcase name="Scenario: Validate Offerdetails link" classname="Scenario: Validate Offerdetails link" time="0.926"/>
  <testcase name="Given I am on Sling Home Page" classname="Scenario: Validate MEMBER SIGN IN link" time="0"/>
  <testcase name="When I click on MEMBER SIGN IN link" classname="Scenario: Validate MEMBER SIGN IN link" time="0"/>
  <testcase name="Then I should be redirected to Sign In page" classname="Scenario: Validate MEMBER SIGN IN link" time="0"/>
  <testcase name="Scenario: Validate MEMBER SIGN IN link" classname="Scenario: Validate MEMBER SIGN IN link" time="1.443"/>
  <testcase name="Given I am on Sling Home Page" classname="Scenario: Validate Forgot Your Password link" time="0"/>
  <testcase name="When I click on MEMBER SIGN IN link" classname="Scenario: Validate Forgot Your Password link" time="0"/>
  <testcase name="Then I click on Forgot Your Password link" classname="Scenario: Validate Forgot Your Password link" time="0"/>
  <testcase name="And I should be redirected to Forgot Your Password page" classname="Scenario: Validate Forgot Your Password link" time="0"/>
  <testcase name="Scenario: Validate Forgot Your Password link" classname="Scenario: Validate Forgot Your Password link" time="0.817"/>
  <testcase name="Given I am on Sling Home Page" classname="Scenario: Validate Not a member link" time="0"/>
  <testcase name="When I click on MEMBER SIGN IN link" classname="Scenario: Validate Not a member link" time="0"/>
  <testcase name="And I click on Not a member link" classname="Scenario: Validate Not a member link" time="0"/>
  <testcase name="Then I should be redirected to Sling Home page" classname="Scenario: Validate Not a member link" time="0.012">
    <failure message="expected:&lt;...d-ottweb.movetv.com/[]&gt; but was:&lt;...d-ottweb.movetv.com/[?var=zipOnly]&gt;" type="org.junit.ComparisonFailure"><![CDATA[org.junit.ComparisonFailure: expected:<...d-ottweb.movetv.com/[]> but was:<...d-ottweb.movetv.com/[?var=zipOnly]>
]]></failure>
  </testcase>
  <testcase name="Scenario: Validate Not a member link" classname="Scenario: Validate Not a member link" time="0.012">
    <failure message="expected:&lt;...d-ottweb.movetv.com/[]&gt; but was:&lt;...d-ottweb.movetv.com/[?var=zipOnly]&gt;" type="org.junit.ComparisonFailure"><![CDATA[org.junit.ComparisonFailure: expected:<...d-ottweb.movetv.com/[]> but was:<...d-ottweb.movetv.com/[?var=zipOnly]>
]]></failure>
  </testcase>
  <testcase name="Given I am on MEMBER SIGN IN Page" classname="Scenario: Validate Sign in feature with invalid email" time="0"/>
  <testcase name="When I enter invalid email address &quot;John@com&quot;" classname="Scenario: Validate Sign in feature with invalid email" time="0"/>
  <testcase name="Then I should see a proper error message for email field" classname="Scenario: Validate Sign in feature with invalid email" time="0"/>
  <testcase name="Scenario: Validate Sign in feature with invalid email" classname="Scenario: Validate Sign in feature with invalid email" time="1.085"/>
  <testcase name="Given I am on MEMBER SIGN IN Page" classname="Scenario: Validate Sign in feature with non registered email address" time="0"/>
  <testcase name="When I enter non existing email address &quot;John@yopmail.com&quot; and password &quot;123456&quot;" classname="Scenario: Validate Sign in feature with non registered email address" time="0"/>
  <testcase name="Then I hit Sign In button" classname="Scenario: Validate Sign in feature with non registered email address" time="0"/>
  <testcase name="And I should see &quot;Invalid email/password combination&quot; error message" classname="Scenario: Validate Sign in feature with non registered email address" time="0"/>
  <testcase name="Scenario: Validate Sign in feature with non registered email address" classname="Scenario: Validate Sign in feature with non registered email address" time="0.76"/>
  <testcase name="Given I am on MEMBER SIGN IN Page" classname="Scenario: Validate Sign in feature with valid email address and password" time="0"/>
  <testcase name="When I enter valid email address &quot;harshith@mailinator.com&quot; and valid password &quot;123456&quot;" classname="Scenario: Validate Sign in feature with valid email address and password" time="0"/>
  <testcase name="And I hit Sign In button" classname="Scenario: Validate Sign in feature with valid email address and password" time="0"/>
  <testcase name="Then I should be redirected to My Account Subscription page" classname="Scenario: Validate Sign in feature with valid email address and password" time="0"/>
  <testcase name="Scenario: Validate Sign in feature with valid email address and password" classname="Scenario: Validate Sign in feature with valid email address and password" time="0.607"/>
</testsuite>