<?xml version="1.0" encoding="UTF-8"?><testsuite errors="0" failures="1" name="Login" skipped="0" tests="8" time="861.6" timestamp="2016-10-295 04:29:26"><testcase name="Validate Watch Now 7 Days Free button"/><testcase name="Validate Offerdetails link"/><testcase name="Validate MEMBER SIGN IN link"/><testcase name="Validate Forgot Your Password link"/><testcase name="Validate Not a member link"><failure message="expected:&lt;...d-ottweb.movetv.com/[]&gt; but was:&lt;...d-ottweb.movetv.com/[?var=zipOnly]&gt;" type="java.lang.AssertionError">expected:&lt;...d-ottweb.movetv.com/[]&gt; but was:&lt;...d-ottweb.movetv.com/[?var=zipOnly]&gt;</failure><system-err>expected:&lt;...d-ottweb.movetv.com/[]&gt; but was:&lt;...d-ottweb.movetv.com/[?var=zipOnly]&gt;
net.thucydides.showcase.cucumber.pages.Homepage.assertUserOnHomePage(Homepage.java:80)
net.thucydides.showcase.cucumber.steps.serenity.UISteps.redirect_to_home_page(UISteps.java:107)
net.thucydides.showcase.cucumber.steps.serenity.HomePageSteps.I_should_be_redirected_to_Sling_Home_page(HomePageSteps.java:42)
✽.Then I should be redirected to Sling Home page(src/test/resources/features/ui/login.feature:42)
</system-err></testcase><testcase name="Validate Sign in feature with invalid email"/><testcase name="Validate Sign in feature with non registered email address"/><testcase name="Validate Sign in feature with valid email address and password"/></testsuite>